<?xml version="1.0" encoding="UTF-8" standalone="no"?><testsuite errors="0" failures="0" name="Consumir metodo GET employees" skipped="0" tests="4" time="10.0" timestamp="2022-05-02 07:37:56"><testcase name="Juan es un usuario activo para consumir metodo GET para consultar todos los empleados"/><testcase name="Juan es un usuario activo para consumir metodo POST creación"/><testcase name="Juan es un usuario activo para consumir metodo GET para consultar un empleado"/><testcase name="Juan es un usuario activo para consumir metodo DELETE para borrar un empleado"/></testsuite>