<?xml version="1.0" encoding="UTF-8" standalone="no"?><testsuite errors="1" failures="0" name="Consumir metodo GET employees" skipped="0" tests="1" time="1.4" timestamp="2022-05-01 02:28:34"><testcase name="Juan es un usuario activo para consumir metodo GET employees"><error message="org/apache/http/client/HttpClient" type="java.lang.NoClassDefFoundError">org/apache/http/client/HttpClient</error><system-err>org/apache/http/client/HttpClient&#13;
io.restassured.config.HttpClientConfig.defaultHttpClientFactory(HttpClientConfig.java:264)&#13;
io.restassured.config.HttpClientConfig.&lt;init&gt;(HttpClientConfig.java:76)&#13;
io.restassured.config.RestAssuredConfig.&lt;init&gt;(RestAssuredConfig.java:41)&#13;
io.restassured.RestAssured.&lt;clinit&gt;(RestAssured.java:421)&#13;
net.serenitybdd.rest.SerenityRest.fetchRequestSpecification(SerenityRest.java:232)&#13;
net.serenitybdd.rest.SerenityRest.given(SerenityRest.java:220)&#13;
luloBankPruebaTecnica.Interacciones.WithGetEmpleados.performAs(WithGetEmpleados.java:18)&#13;
luloBankPruebaTecnica.Tareas.Empleados1Rest.performAs(Empleados1Rest.java:23)&#13;
luloBankPruebaTecnica.StepDefinitions.StepsDefinitions.ElConsumeElServicioParaConsultarLosEmpleados(StepsDefinitions.java:32)&#13;
io.cucumber.java.Invoker.doInvoke(Invoker.java:66)&#13;
io.cucumber.java.Invoker.invoke(Invoker.java:24)&#13;
io.cucumber.java.AbstractGlueDefinition.invokeMethod(AbstractGlueDefinition.java:47)&#13;
io.cucumber.java.JavaStepDefinition.execute(JavaStepDefinition.java:29)&#13;
io.cucumber.core.runner.CoreStepDefinition.execute(CoreStepDefinition.java:66)&#13;
io.cucumber.core.runner.PickleStepDefinitionMatch.runStep(PickleStepDefinitionMatch.java:63)&#13;
io.cucumber.core.runner.TestStep.executeStep(TestStep.java:92)&#13;
io.cucumber.core.runner.TestStep.run(TestStep.java:64)&#13;
io.cucumber.core.runner.PickleStepTestStep.run(PickleStepTestStep.java:51)&#13;
io.cucumber.core.runner.TestCase.run(TestCase.java:104)&#13;
io.cucumber.core.runner.Runner.runPickle(Runner.java:73)&#13;
io.cucumber.junit.FeatureRunner.runChild(FeatureRunner.java:135)&#13;
io.cucumber.junit.FeatureRunner.runChild(FeatureRunner.java:27)&#13;
io.cucumber.junit.CucumberSerenityRunner.runChild(CucumberSerenityRunner.java:259)&#13;
io.cucumber.junit.CucumberSerenityRunner.runChild(CucumberSerenityRunner.java:58)&#13;
</system-err></testcase></testsuite>