<?xml version="1.0" encoding="UTF-8" standalone="no"?><testsuite errors="3" failures="0" name="Consumir metodo GET employees" skipped="0" tests="4" time="8.88" timestamp="2022-05-01 10:59:30"><testcase name="Juan es un usuario activo para consumir metodo GET para consultar un empleado"><error message="Lexing failed on line: 1, column: 1, while reading '&lt;', no possible valid JSON value or punctuation could be recognized." type="groovy.json.JsonException">Lexing failed on line: 1, column: 1, while reading '&lt;', no possible valid JSON value or punctuation could be recognized.</error><system-err>Lexing failed on line: 1, column: 1, while reading '&lt;', no possible valid JSON value or punctuation could be recognized.&#13;
groovy.json.JsonLexer.nextToken(JsonLexer.java:86)&#13;
io.restassured.internal.path.json.ConfigurableJsonSlurper.parse(ConfigurableJsonSlurper.groovy:97)&#13;
io.restassured.internal.path.json.ConfigurableJsonSlurper.parseText(ConfigurableJsonSlurper.groovy:83)&#13;
io.restassured.path.json.JsonPath.get(JsonPath.java:202)&#13;
io.restassured.path.json.JsonPath.getString(JsonPath.java:352)&#13;
luloBankPruebaTecnica.Tareas.EmpleadoRest.performAs(EmpleadoRest.java:21)&#13;
luloBankPruebaTecnica.StepDefinitions.StepsDefinitions.ElConsumeElServicioParaConsultarElEmpleado(StepsDefinitions.java:41)&#13;
io.cucumber.java.Invoker.doInvoke(Invoker.java:66)&#13;
io.cucumber.java.Invoker.invoke(Invoker.java:24)&#13;
io.cucumber.java.AbstractGlueDefinition.invokeMethod(AbstractGlueDefinition.java:47)&#13;
io.cucumber.java.JavaStepDefinition.execute(JavaStepDefinition.java:29)&#13;
io.cucumber.core.runner.CoreStepDefinition.execute(CoreStepDefinition.java:66)&#13;
io.cucumber.core.runner.PickleStepDefinitionMatch.runStep(PickleStepDefinitionMatch.java:63)&#13;
io.cucumber.core.runner.TestStep.executeStep(TestStep.java:92)&#13;
io.cucumber.core.runner.TestStep.run(TestStep.java:64)&#13;
io.cucumber.core.runner.PickleStepTestStep.run(PickleStepTestStep.java:51)&#13;
io.cucumber.core.runner.TestCase.run(TestCase.java:104)&#13;
io.cucumber.core.runner.Runner.runPickle(Runner.java:73)&#13;
io.cucumber.junit.FeatureRunner.runChild(FeatureRunner.java:135)&#13;
io.cucumber.junit.FeatureRunner.runChild(FeatureRunner.java:27)&#13;
io.cucumber.junit.CucumberSerenityRunner.runChild(CucumberSerenityRunner.java:259)&#13;
io.cucumber.junit.CucumberSerenityRunner.runChild(CucumberSerenityRunner.java:58)&#13;
</system-err></testcase><testcase name="Juan es un usuario activo para consumir metodo POST creación"/><testcase name="Juan es un usuario activo para consumir metodo GET para consultar un empleado"><error message="Lexing failed on line: 1, column: 1, while reading '&lt;', no possible valid JSON value or punctuation could be recognized." type="groovy.json.JsonException">Lexing failed on line: 1, column: 1, while reading '&lt;', no possible valid JSON value or punctuation could be recognized.</error><system-err>Lexing failed on line: 1, column: 1, while reading '&lt;', no possible valid JSON value or punctuation could be recognized.&#13;
groovy.json.JsonLexer.nextToken(JsonLexer.java:86)&#13;
io.restassured.internal.path.json.ConfigurableJsonSlurper.parse(ConfigurableJsonSlurper.groovy:97)&#13;
io.restassured.internal.path.json.ConfigurableJsonSlurper.parseText(ConfigurableJsonSlurper.groovy:83)&#13;
io.restassured.path.json.JsonPath.get(JsonPath.java:202)&#13;
io.restassured.path.json.JsonPath.getString(JsonPath.java:352)&#13;
luloBankPruebaTecnica.Tareas.EmpleadoRest.performAs(EmpleadoRest.java:21)&#13;
luloBankPruebaTecnica.StepDefinitions.StepsDefinitions.ElConsumeElServicioParaConsultarElEmpleado(StepsDefinitions.java:41)&#13;
io.cucumber.java.Invoker.doInvoke(Invoker.java:66)&#13;
io.cucumber.java.Invoker.invoke(Invoker.java:24)&#13;
io.cucumber.java.AbstractGlueDefinition.invokeMethod(AbstractGlueDefinition.java:47)&#13;
io.cucumber.java.JavaStepDefinition.execute(JavaStepDefinition.java:29)&#13;
io.cucumber.core.runner.CoreStepDefinition.execute(CoreStepDefinition.java:66)&#13;
io.cucumber.core.runner.PickleStepDefinitionMatch.runStep(PickleStepDefinitionMatch.java:63)&#13;
io.cucumber.core.runner.TestStep.executeStep(TestStep.java:92)&#13;
io.cucumber.core.runner.TestStep.run(TestStep.java:64)&#13;
io.cucumber.core.runner.PickleStepTestStep.run(PickleStepTestStep.java:51)&#13;
io.cucumber.core.runner.TestCase.run(TestCase.java:104)&#13;
io.cucumber.core.runner.Runner.runPickle(Runner.java:73)&#13;
io.cucumber.junit.FeatureRunner.runChild(FeatureRunner.java:135)&#13;
io.cucumber.junit.FeatureRunner.runChild(FeatureRunner.java:27)&#13;
io.cucumber.junit.CucumberSerenityRunner.runChild(CucumberSerenityRunner.java:259)&#13;
io.cucumber.junit.CucumberSerenityRunner.runChild(CucumberSerenityRunner.java:58)&#13;
</system-err></testcase><testcase name="Juan es un usuario activo para consumir metodo DELETE para borrar un empleado"><error message="Lexing failed on line: 1, column: 1, while reading '&lt;', no possible valid JSON value or punctuation could be recognized." type="groovy.json.JsonException">Lexing failed on line: 1, column: 1, while reading '&lt;', no possible valid JSON value or punctuation could be recognized.</error><system-err>Lexing failed on line: 1, column: 1, while reading '&lt;', no possible valid JSON value or punctuation could be recognized.&#13;
groovy.json.JsonLexer.nextToken(JsonLexer.java:86)&#13;
io.restassured.internal.path.json.ConfigurableJsonSlurper.parse(ConfigurableJsonSlurper.groovy:97)&#13;
io.restassured.internal.path.json.ConfigurableJsonSlurper.parseText(ConfigurableJsonSlurper.groovy:83)&#13;
io.restassured.path.json.JsonPath.get(JsonPath.java:202)&#13;
io.restassured.path.json.JsonPath.getString(JsonPath.java:352)&#13;
luloBankPruebaTecnica.Tareas.BorrarEmpleadoRest.performAs(BorrarEmpleadoRest.java:21)&#13;
luloBankPruebaTecnica.StepDefinitions.StepsDefinitions.ElConsumeElServicioParaBorrarElEmpleado(StepsDefinitions.java:46)&#13;
io.cucumber.java.Invoker.doInvoke(Invoker.java:66)&#13;
io.cucumber.java.Invoker.invoke(Invoker.java:24)&#13;
io.cucumber.java.AbstractGlueDefinition.invokeMethod(AbstractGlueDefinition.java:47)&#13;
io.cucumber.java.JavaStepDefinition.execute(JavaStepDefinition.java:29)&#13;
io.cucumber.core.runner.CoreStepDefinition.execute(CoreStepDefinition.java:66)&#13;
io.cucumber.core.runner.PickleStepDefinitionMatch.runStep(PickleStepDefinitionMatch.java:63)&#13;
io.cucumber.core.runner.TestStep.executeStep(TestStep.java:92)&#13;
io.cucumber.core.runner.TestStep.run(TestStep.java:64)&#13;
io.cucumber.core.runner.PickleStepTestStep.run(PickleStepTestStep.java:51)&#13;
io.cucumber.core.runner.TestCase.run(TestCase.java:104)&#13;
io.cucumber.core.runner.Runner.runPickle(Runner.java:73)&#13;
io.cucumber.junit.FeatureRunner.runChild(FeatureRunner.java:135)&#13;
io.cucumber.junit.FeatureRunner.runChild(FeatureRunner.java:27)&#13;
io.cucumber.junit.CucumberSerenityRunner.runChild(CucumberSerenityRunner.java:259)&#13;
io.cucumber.junit.CucumberSerenityRunner.runChild(CucumberSerenityRunner.java:58)&#13;
</system-err></testcase></testsuite>